<?xml version="1.0" encoding="UTF-8"?>
<!-- Generated by org.testng.reporters.JUnitReportReporter -->
<testsuite hostname="DESKTOP-LFB9P6R" failures="0" tests="2" name="com.Scripts.AutomationScrriptsModule2" time="102.139" errors="1" timestamp="2022-11-30T13:51:49 PST" skipped="0">
  <testcase classname="com.Scripts.AutomationScrriptsModule2" name="JavaTestParallel2Method1" time="23.152">
    <error message="disconnected: received Inspector.detached event
  (failed to check if window was closed: disconnected: unable to connect to renderer)
  (Session info: chrome=108.0.5359.71)
Build info: version: &#039;3.141.59&#039;, revision: &#039;e82be7d358&#039;, time: &#039;2018-11-14T08:17:03&#039;
System info: host: &#039;DESKTOP-LFB9P6R&#039;, ip: &#039;192.168.0.20&#039;, os.name: &#039;Windows 10&#039;, os.arch: &#039;amd64&#039;, os.version: &#039;10.0&#039;, java.version: &#039;17.0.2&#039;
Driver info: driver.version: ChromeDriver
remote stacktrace: Backtrace:
	(No symbol) [0x00F6F243]
	(No symbol) [0x00EF7FD1]
	(No symbol) [0x00DED04D]
	(No symbol) [0x00DE0A79]
	(No symbol) [0x00DE06F1]
	(No symbol) [0x00DDFB0B]
	(No symbol) [0x00DDFA5C]
	(No symbol) [0x00DDE7E8]
	(No symbol) [0x00DDEDC2]
	(No symbol) [0x00DDDC55]
	(No symbol) [0x00DE899C]
	(No symbol) [0x00DDD735]
	(No symbol) [0x00DDF703]
	(No symbol) [0x00DDE7E8]
	(No symbol) [0x00DDEDC2]
	(No symbol) [0x00DDDC55]
	(No symbol) [0x00DE6493]
	(No symbol) [0x00DDD735]
	(No symbol) [0x00DDF703]
	(No symbol) [0x00DDE7E8]
	(No symbol) [0x00DDEDC2]
	(No symbol) [0x00DDDC55]
	(No symbol) [0x00DE4072]
	(No symbol) [0x00DDD735]
	(No symbol) [0x00DDF703]
	(No symbol) [0x00DDE7E8]
	(No symbol) [0x00DDEDC2]
	(No symbol) [0x00DDDC55]
	(No symbol) [0x00DD7E66]
	(No symbol) [0x00DDD735]
	(No symbol) [0x00DDCEE0]
	(No symbol) [0x00DDCB37]
	(No symbol) [0x00DEE5F3]
	(No symbol) [0x00DD20A7]
	(No symbol) [0x00DD127B]
	(No symbol) [0x00E3F1FF]
	(No symbol) [0x00E3EB2A]
	(No symbol) [0x00E38386]
	(No symbol) [0x00E1163C]
	(No symbol) [0x00E1269D]
	GetHandleVerifier [0x01209A22+2655074]
	GetHandleVerifier [0x011FCA24+2601828]
	GetHandleVerifier [0x01018C0A+619850]
	GetHandleVerifier [0x01017830+614768]
	(No symbol) [0x00F005FC]
	(No symbol) [0x00F05968]
	(No symbol) [0x00F05A55]
	(No symbol) [0x00F1051B]
	BaseThreadInitThunk [0x7775FEF9+25]
	RtlGetAppContainerNamedObjectPath [0x77BA7BBE+286]
	RtlGetAppContainerNamedObjectPath [0x77BA7B8E+238]
" type="org.openqa.selenium.WebDriverException">
      <![CDATA[org.openqa.selenium.WebDriverException: disconnected: received Inspector.detached event
  (failed to check if window was closed: disconnected: unable to connect to renderer)
  (Session info: chrome=108.0.5359.71)
Build info: version: '3.141.59', revision: 'e82be7d358', time: '2018-11-14T08:17:03'
System info: host: 'DESKTOP-LFB9P6R', ip: '192.168.0.20', os.name: 'Windows 10', os.arch: 'amd64', os.version: '10.0', java.version: '17.0.2'
Driver info: driver.version: ChromeDriver
remote stacktrace: Backtrace:
(No symbol) [0x00F6F243]
(No symbol) [0x00EF7FD1]
(No symbol) [0x00DED04D]
(No symbol) [0x00DE0A79]
(No symbol) [0x00DE06F1]
(No symbol) [0x00DDFB0B]
(No symbol) [0x00DDFA5C]
(No symbol) [0x00DDE7E8]
(No symbol) [0x00DDEDC2]
(No symbol) [0x00DDDC55]
(No symbol) [0x00DE899C]
(No symbol) [0x00DDD735]
(No symbol) [0x00DDF703]
(No symbol) [0x00DDE7E8]
(No symbol) [0x00DDEDC2]
(No symbol) [0x00DDDC55]
(No symbol) [0x00DE6493]
(No symbol) [0x00DDD735]
(No symbol) [0x00DDF703]
(No symbol) [0x00DDE7E8]
(No symbol) [0x00DDEDC2]
(No symbol) [0x00DDDC55]
(No symbol) [0x00DE4072]
(No symbol) [0x00DDD735]
(No symbol) [0x00DDF703]
(No symbol) [0x00DDE7E8]
(No symbol) [0x00DDEDC2]
(No symbol) [0x00DDDC55]
(No symbol) [0x00DD7E66]
(No symbol) [0x00DDD735]
(No symbol) [0x00DDCEE0]
(No symbol) [0x00DDCB37]
(No symbol) [0x00DEE5F3]
(No symbol) [0x00DD20A7]
(No symbol) [0x00DD127B]
(No symbol) [0x00E3F1FF]
(No symbol) [0x00E3EB2A]
(No symbol) [0x00E38386]
(No symbol) [0x00E1163C]
(No symbol) [0x00E1269D]
GetHandleVerifier [0x01209A22+2655074]
GetHandleVerifier [0x011FCA24+2601828]
GetHandleVerifier [0x01018C0A+619850]
GetHandleVerifier [0x01017830+614768]
(No symbol) [0x00F005FC]
(No symbol) [0x00F05968]
(No symbol) [0x00F05A55]
(No symbol) [0x00F1051B]
BaseThreadInitThunk [0x7775FEF9+25]
RtlGetAppContainerNamedObjectPath [0x77BA7BBE+286]
RtlGetAppContainerNamedObjectPath [0x77BA7B8E+238]

at java.base/jdk.internal.reflect.NativeConstructorAccessorImpl.newInstance0(Native Method)
at java.base/jdk.internal.reflect.NativeConstructorAccessorImpl.newInstance(NativeConstructorAccessorImpl.java:77)
at java.base/jdk.internal.reflect.DelegatingConstructorAccessorImpl.newInstance(DelegatingConstructorAccessorImpl.java:45)
at java.base/java.lang.reflect.Constructor.newInstanceWithCaller(Constructor.java:499)
at java.base/java.lang.reflect.Constructor.newInstance(Constructor.java:480)
at org.openqa.selenium.remote.W3CHandshakeResponse.lambda$errorHandler$0(W3CHandshakeResponse.java:62)
at org.openqa.selenium.remote.HandshakeResponse.lambda$getResponseFunction$0(HandshakeResponse.java:30)
at org.openqa.selenium.remote.ProtocolHandshake.lambda$createSession$0(ProtocolHandshake.java:126)
at java.base/java.util.stream.ReferencePipeline$3$1.accept(ReferencePipeline.java:197)
at java.base/java.util.Spliterators$ArraySpliterator.tryAdvance(Spliterators.java:1002)
at java.base/java.util.stream.ReferencePipeline.forEachWithCancel(ReferencePipeline.java:129)
at java.base/java.util.stream.AbstractPipeline.copyIntoWithCancel(AbstractPipeline.java:527)
at java.base/java.util.stream.AbstractPipeline.copyInto(AbstractPipeline.java:513)
at java.base/java.util.stream.AbstractPipeline.wrapAndCopyInto(AbstractPipeline.java:499)
at java.base/java.util.stream.FindOps$FindOp.evaluateSequential(FindOps.java:150)
at java.base/java.util.stream.AbstractPipeline.evaluate(AbstractPipeline.java:234)
at java.base/java.util.stream.ReferencePipeline.findFirst(ReferencePipeline.java:647)
at org.openqa.selenium.remote.ProtocolHandshake.createSession(ProtocolHandshake.java:128)
at org.openqa.selenium.remote.ProtocolHandshake.createSession(ProtocolHandshake.java:74)
at org.openqa.selenium.remote.HttpCommandExecutor.execute(HttpCommandExecutor.java:136)
at org.openqa.selenium.remote.service.DriverCommandExecutor.execute(DriverCommandExecutor.java:83)
at org.openqa.selenium.remote.RemoteWebDriver.execute(RemoteWebDriver.java:552)
at org.openqa.selenium.remote.RemoteWebDriver.startSession(RemoteWebDriver.java:213)
at org.openqa.selenium.remote.RemoteWebDriver.<init>(RemoteWebDriver.java:131)
at org.openqa.selenium.chrome.ChromeDriver.<init>(ChromeDriver.java:181)
at org.openqa.selenium.chrome.ChromeDriver.<init>(ChromeDriver.java:168)
at org.openqa.selenium.chrome.ChromeDriver.<init>(ChromeDriver.java:123)
at com.Scripts.AutomationScrriptsModule2.JavaTestParallel2Method1(AutomationScrriptsModule2.java:27)
at java.base/jdk.internal.reflect.NativeMethodAccessorImpl.invoke0(Native Method)
at java.base/jdk.internal.reflect.NativeMethodAccessorImpl.invoke(NativeMethodAccessorImpl.java:77)
at java.base/jdk.internal.reflect.DelegatingMethodAccessorImpl.invoke(DelegatingMethodAccessorImpl.java:43)
at java.base/java.lang.reflect.Method.invoke(Method.java:568)
at org.testng.internal.invokers.MethodInvocationHelper.invokeMethod(MethodInvocationHelper.java:139)
at org.testng.internal.invokers.TestInvoker.invokeMethod(TestInvoker.java:677)
at org.testng.internal.invokers.TestInvoker.invokeTestMethod(TestInvoker.java:221)
at org.testng.internal.invokers.MethodRunner.runInSequence(MethodRunner.java:50)
at org.testng.internal.invokers.TestInvoker$MethodInvocationAgent.invoke(TestInvoker.java:962)
at org.testng.internal.invokers.TestInvoker.invokeTestMethods(TestInvoker.java:194)
at org.testng.internal.invokers.TestMethodWorker.invokeTestMethods(TestMethodWorker.java:148)
at org.testng.internal.invokers.TestMethodWorker.run(TestMethodWorker.java:128)
at java.base/java.util.ArrayList.forEach(ArrayList.java:1511)
at org.testng.TestRunner.privateRun(TestRunner.java:806)
at org.testng.TestRunner.run(TestRunner.java:601)
at org.testng.SuiteRunner.runTest(SuiteRunner.java:433)
at org.testng.SuiteRunner.runSequentially(SuiteRunner.java:427)
at org.testng.SuiteRunner.privateRun(SuiteRunner.java:387)
at org.testng.SuiteRunner.run(SuiteRunner.java:330)
at org.testng.SuiteRunnerWorker.runSuite(SuiteRunnerWorker.java:52)
at org.testng.SuiteRunnerWorker.run(SuiteRunnerWorker.java:95)
at org.testng.TestNG.runSuitesSequentially(TestNG.java:1256)
at org.testng.TestNG.runSuitesLocally(TestNG.java:1176)
at org.testng.TestNG.runSuites(TestNG.java:1099)
at org.testng.TestNG.run(TestNG.java:1067)
at org.testng.remote.AbstractRemoteTestNG.run(AbstractRemoteTestNG.java:115)
at org.testng.remote.RemoteTestNG.initAndRun(RemoteTestNG.java:251)
at org.testng.remote.RemoteTestNG.main(RemoteTestNG.java:77)
]]>
    </error>
  </testcase> <!-- JavaTestParallel2Method1 -->
  <system-out/>
  <testcase classname="com.Scripts.AutomationScrriptsModule2" name="JavaTestParallel2Method2" time="78.987"/>
  <system-out/>
</testsuite> <!-- com.Scripts.AutomationScrriptsModule2 -->
