<?xml version="1.0" encoding="UTF-8"?>
<!-- Generated by org.testng.reporters.JUnitXMLReporter -->
<testsuite ignored="0" hostname="DESKTOP-LFB9P6R" failures="1" tests="4" name="Test" time="222.0" errors="0" timestamp="2022-11-30T13:51:46 PST">
  <testcase classname="com.Scripts.AutomationScriptsmodule1" name="JavaTestparallel1Method1" time="89.52"/>
  <testcase classname="com.Scripts.AutomationScriptsmodule1" name="JavaTestparallel1Method2" time="30.14"/>
  <testcase classname="com.Scripts.AutomationScrriptsModule2" name="JavaTestParallel2Method1" time="23.152">
    <failure type="org.openqa.selenium.WebDriverException" message="disconnected: received Inspector.detached event
  (failed to check if window was closed: disconnected: unable to connect to renderer)
  (Session info: chrome=108.0.5359.71)
Build info: version: &amp;apos;3.141.59&amp;apos;, revision: &amp;apos;e82be7d358&amp;apos;, time: &amp;apos;2018-11-14T08:17:03&amp;apos;
System info: host: &amp;apos;DESKTOP-LFB9P6R&amp;apos;, ip: &amp;apos;192.168.0.20&amp;apos;, os.name: &amp;apos;Windows 10&amp;apos;, os.arch: &amp;apos;amd64&amp;apos;, os.version: &amp;apos;10.0&amp;apos;, java.version: &amp;apos;17.0.2&amp;apos;
Driver info: driver.version: ChromeDriver
remote stacktrace: Backtrace:
	(No symbol) [0x00F6F243]
	(No symbol) [0x00EF7FD1]
	(No symbol) [0x00DED04D]
	(No symbol) [0x00DE0A79]
	(No symbol) [0x00DE06F1]
	(No symbol) [0x00DDFB0B]
	(No symbol) [0x00DDFA5C]
	(No symbol) [0x00DDE7E8]
	(No symbol) [0x00DDEDC2]
	(No symbol) [0x00DDDC55]
	(No symbol) [0x00DE899C]
	(No symbol) [0x00DDD735]
	(No symbol) [0x00DDF703]
	(No symbol) [0x00DDE7E8]
	(No symbol) [0x00DDEDC2]
	(No symbol) [0x00DDDC55]
	(No symbol) [0x00DE6493]
	(No symbol) [0x00DDD735]
	(No symbol) [0x00DDF703]
	(No symbol) [0x00DDE7E8]
	(No symbol) [0x00DDEDC2]
	(No symbol) [0x00DDDC55]
	(No symbol) [0x00DE4072]
	(No symbol) [0x00DDD735]
	(No symbol) [0x00DDF703]
	(No symbol) [0x00DDE7E8]
	(No symbol) [0x00DDEDC2]
	(No symbol) [0x00DDDC55]
	(No symbol) [0x00DD7E66]
	(No symbol) [0x00DDD735]
	(No symbol) [0x00DDCEE0]
	(No symbol) [0x00DDCB37]
	(No symbol) [0x00DEE5F3]
	(No symbol) [0x00DD20A7]
	(No symbol) [0x00DD127B]
	(No symbol) [0x00E3F1FF]
	(No symbol) [0x00E3EB2A]
	(No symbol) [0x00E38386]
	(No symbol) [0x00E1163C]
	(No symbol) [0x00E1269D]
	GetHandleVerifier [0x01209A22+2655074]
	GetHandleVerifier [0x011FCA24+2601828]
	GetHandleVerifier [0x01018C0A+619850]
	GetHandleVerifier [0x01017830+614768]
	(No symbol) [0x00F005FC]
	(No symbol) [0x00F05968]
	(No symbol) [0x00F05A55]
	(No symbol) [0x00F1051B]
	BaseThreadInitThunk [0x7775FEF9+25]
	RtlGetAppContainerNamedObjectPath [0x77BA7BBE+286]
	RtlGetAppContainerNamedObjectPath [0x77BA7B8E+238]
">
      <![CDATA[org.openqa.selenium.WebDriverException: disconnected: received Inspector.detached event
  (failed to check if window was closed: disconnected: unable to connect to renderer)
  (Session info: chrome=108.0.5359.71)
Build info: version: '3.141.59', revision: 'e82be7d358', time: '2018-11-14T08:17:03'
System info: host: 'DESKTOP-LFB9P6R', ip: '192.168.0.20', os.name: 'Windows 10', os.arch: 'amd64', os.version: '10.0', java.version: '17.0.2'
Driver info: driver.version: ChromeDriver
remote stacktrace: Backtrace:
(No symbol) [0x00F6F243]
(No symbol) [0x00EF7FD1]
(No symbol) [0x00DED04D]
(No symbol) [0x00DE0A79]
(No symbol) [0x00DE06F1]
(No symbol) [0x00DDFB0B]
(No symbol) [0x00DDFA5C]
(No symbol) [0x00DDE7E8]
(No symbol) [0x00DDEDC2]
(No symbol) [0x00DDDC55]
(No symbol) [0x00DE899C]
(No symbol) [0x00DDD735]
(No symbol) [0x00DDF703]
(No symbol) [0x00DDE7E8]
(No symbol) [0x00DDEDC2]
(No symbol) [0x00DDDC55]
(No symbol) [0x00DE6493]
(No symbol) [0x00DDD735]
(No symbol) [0x00DDF703]
(No symbol) [0x00DDE7E8]
(No symbol) [0x00DDEDC2]
(No symbol) [0x00DDDC55]
(No symbol) [0x00DE4072]
(No symbol) [0x00DDD735]
(No symbol) [0x00DDF703]
(No symbol) [0x00DDE7E8]
(No symbol) [0x00DDEDC2]
(No symbol) [0x00DDDC55]
(No symbol) [0x00DD7E66]
(No symbol) [0x00DDD735]
(No symbol) [0x00DDCEE0]
(No symbol) [0x00DDCB37]
(No symbol) [0x00DEE5F3]
(No symbol) [0x00DD20A7]
(No symbol) [0x00DD127B]
(No symbol) [0x00E3F1FF]
(No symbol) [0x00E3EB2A]
(No symbol) [0x00E38386]
(No symbol) [0x00E1163C]
(No symbol) [0x00E1269D]
GetHandleVerifier [0x01209A22+2655074]
GetHandleVerifier [0x011FCA24+2601828]
GetHandleVerifier [0x01018C0A+619850]
GetHandleVerifier [0x01017830+614768]
(No symbol) [0x00F005FC]
(No symbol) [0x00F05968]
(No symbol) [0x00F05A55]
(No symbol) [0x00F1051B]
BaseThreadInitThunk [0x7775FEF9+25]
RtlGetAppContainerNamedObjectPath [0x77BA7BBE+286]
RtlGetAppContainerNamedObjectPath [0x77BA7B8E+238]

at org.openqa.selenium.remote.W3CHandshakeResponse.lambda$errorHandler$0(W3CHandshakeResponse.java:62)
at org.openqa.selenium.remote.HandshakeResponse.lambda$getResponseFunction$0(HandshakeResponse.java:30)
at org.openqa.selenium.remote.ProtocolHandshake.lambda$createSession$0(ProtocolHandshake.java:126)
at java.base/java.util.stream.ReferencePipeline$3$1.accept(ReferencePipeline.java:197)
at java.base/java.util.Spliterators$ArraySpliterator.tryAdvance(Spliterators.java:1002)
at java.base/java.util.stream.ReferencePipeline.forEachWithCancel(ReferencePipeline.java:129)
at java.base/java.util.stream.AbstractPipeline.copyIntoWithCancel(AbstractPipeline.java:527)
at java.base/java.util.stream.AbstractPipeline.copyInto(AbstractPipeline.java:513)
at java.base/java.util.stream.AbstractPipeline.wrapAndCopyInto(AbstractPipeline.java:499)
at java.base/java.util.stream.FindOps$FindOp.evaluateSequential(FindOps.java:150)
at java.base/java.util.stream.AbstractPipeline.evaluate(AbstractPipeline.java:234)
at java.base/java.util.stream.ReferencePipeline.findFirst(ReferencePipeline.java:647)
at org.openqa.selenium.remote.ProtocolHandshake.createSession(ProtocolHandshake.java:128)
at org.openqa.selenium.remote.ProtocolHandshake.createSession(ProtocolHandshake.java:74)
at org.openqa.selenium.remote.HttpCommandExecutor.execute(HttpCommandExecutor.java:136)
at org.openqa.selenium.remote.service.DriverCommandExecutor.execute(DriverCommandExecutor.java:83)
at org.openqa.selenium.remote.RemoteWebDriver.execute(RemoteWebDriver.java:552)
at org.openqa.selenium.remote.RemoteWebDriver.startSession(RemoteWebDriver.java:213)
at org.openqa.selenium.remote.RemoteWebDriver.<init>(RemoteWebDriver.java:131)
at org.openqa.selenium.chrome.ChromeDriver.<init>(ChromeDriver.java:181)
at org.openqa.selenium.chrome.ChromeDriver.<init>(ChromeDriver.java:168)
at org.openqa.selenium.chrome.ChromeDriver.<init>(ChromeDriver.java:123)
at com.Scripts.AutomationScrriptsModule2.JavaTestParallel2Method1(AutomationScrriptsModule2.java:27)
at java.base/java.util.ArrayList.forEach(ArrayList.java:1511)
... Removed 32 stack frames]]>
    </failure>
  </testcase> <!-- JavaTestParallel2Method1 -->
  <testcase classname="com.Scripts.AutomationScrriptsModule2" name="JavaTestParallel2Method2" time="78.987"/>
</testsuite> <!-- Test -->
